C:\USERS\SH_2\DOCUMENTS\VISUAL STUDIO 2012\PROJECTS\DSA555A3\DSA555A3\DEBUG\A3TESTER.OBJ
C:\USERS\SH_2\DOCUMENTS\VISUAL STUDIO 2012\PROJECTS\DSA555A3\DSA555A3\DEBUG\VC110.PDB
C:\USERS\SH_2\DOCUMENTS\VISUAL STUDIO 2012\PROJECTS\DSA555A3\DEBUG\DSA555A3.ILK
C:\USERS\SH_2\DOCUMENTS\VISUAL STUDIO 2012\PROJECTS\DSA555A3\DEBUG\DSA555A3.EXE
C:\USERS\SH_2\DOCUMENTS\VISUAL STUDIO 2012\PROJECTS\DSA555A3\DEBUG\DSA555A3.PDB
C:\Users\SH_2\documents\visual studio 2012\Projects\DSA555A3\DSA555A3\Debug\a3tester.obj
C:\Users\SH_2\documents\visual studio 2012\Projects\DSA555A3\DSA555A3\Debug\cl.command.1.tlog
C:\Users\SH_2\documents\visual studio 2012\Projects\DSA555A3\DSA555A3\Debug\CL.read.1.tlog
C:\Users\SH_2\documents\visual studio 2012\Projects\DSA555A3\DSA555A3\Debug\CL.write.1.tlog
C:\Users\SH_2\documents\visual studio 2012\Projects\DSA555A3\DSA555A3\Debug\link-cvtres.read.1.tlog
C:\Users\SH_2\documents\visual studio 2012\Projects\DSA555A3\DSA555A3\Debug\link-cvtres.write.1.tlog
C:\Users\SH_2\documents\visual studio 2012\Projects\DSA555A3\DSA555A3\Debug\link-rc.read.1.tlog
C:\Users\SH_2\documents\visual studio 2012\Projects\DSA555A3\DSA555A3\Debug\link-rc.write.1.tlog
C:\Users\SH_2\documents\visual studio 2012\Projects\DSA555A3\DSA555A3\Debug\link.command.1.tlog
C:\Users\SH_2\documents\visual studio 2012\Projects\DSA555A3\DSA555A3\Debug\link.read.1.tlog
C:\Users\SH_2\documents\visual studio 2012\Projects\DSA555A3\DSA555A3\Debug\link.write.1.tlog
C:\Users\SH_2\documents\visual studio 2012\Projects\DSA555A3\DSA555A3\Debug\vc110.idb
C:\Users\SH_2\documents\visual studio 2012\Projects\DSA555A3\DSA555A3\Debug\vc110.pdb
C:\Users\SH_2\documents\visual studio 2012\Projects\DSA555A3\Debug\DSA555A3.pdb
C:\Users\SH_2\documents\visual studio 2012\Projects\DSA555A3\Debug\DSA555A3.exe
C:\Users\SH_2\documents\visual studio 2012\Projects\DSA555A3\Debug\DSA555A3.ilk
